********************************************************************************
DUPLICATOR-LITE PACKAGE-LOG: 29 May 2020 10 h 10 min
NOTICE: Do NOT post to public sites or forums 
********************************************************************************
VERSION:	1.3.34
WORDPRESS:	5.4.1
PHP INFO:	7.3.12 | SAPI: apache2handler
SERVER:		Apache/2.4.41 (Win32) PHP/7.3.12 
PHP TIME LIMIT: (0) no time limit imposed 
PHP MAX MEMORY: 4294967296 (128M default) 
MEMORY STACK: 2MB

********************************************************************************
DATABASE:
********************************************************************************
BUILD MODE:   PHP(query limit - 100)
MYSQLTIMEOUT: 5000
MYSQLDUMP:    Not Supported
TABLES: total:50 | filtered:0 | create:50
FILTERED: []
SQL CREATED: 20200529_delicesco_6c38cfa0826d7ff02171_20200529100940_database.sql
SQL FILE SIZE: 2.17MB (2272865)
SQL FILE TIME: 2020-05-29 10:10:23
SQL RUNTIME: 2.72 sec.

********************************************************************************
ARCHIVE (ZIP):
********************************************************************************
ARCHIVE DIR:  C:/Users/helen/Documents/LA MANU/Exercices/4_WordPress/wordpress
ARCHIVE FILE: 20200529_delicesco_6c38cfa0826d7ff02171_20200529100940_archive.zip
FILTERS: *OFF*
DIRS:
	not set
FILES:
	not set
EXTS:  not set
----------------------------------------
COMPRESSING
SIZE:	145.48MB
STATS:	Dirs 1,219 | Files 8,094
SQL ADDED: 20200529_delicesco_6c38cfa0826d7ff02171_20200529100940_database.sql
ZipArchive Object
(
    [status] => 0
    [statusSys] => 0
    [numFiles] => 9313
    [filename] => C:\Users\helen\Documents\LA MANU\Exercices\4_WordPress\wordpress\wp-snapshots\tmp\20200529_delicesco_6c38cfa0826d7ff02171_20200529100940_archive.zip
    [comment] => 
)

FILE ADDED TO ZIP: 9312
COMPRESSION RESULT: '1'
COMPRESSED SIZE: 58.12MB
ARCHIVE RUNTIME: 194.13 sec.
MEMORY STACK: 6MB
building installer
add_extra_files1
add_extra_files2
add_extra_files3
add_extra_files4
Doing archive file check
add_extra_files5
add_extra_files6
add_extra_files8
Successfully opened zip C:/Users/helen/Documents/LA MANU/Exercices/4_WordPress/wordpress/wp-snapshots/tmp/20200529_delicesco_6c38cfa0826d7ff02171_20200529100940_archive.zip
Adding enhanced installer files to archive using ZipArchive
Installer files added to archive
Added to archive
After ziparchive close when adding installer

********************************************************************************
INTEGRITY CHECKS:
********************************************************************************
SQL FILE: 2.17MB
INSTALLER FILE: 61.32KB
ARCHIVE FILE: 59.64MB 
COMPTE ATTENDU DE FICHIERS/RÉPERTOIRES : 9,313
COMPTE ACTUEL DE FICHIERS/RÉPERTOIRES : 9,312
TEST DE COHÉRENCE D’ARCHIVE : Bon

********************************************************************************
RECORD ID:[1]
TOTAL PROCESS RUNTIME: 199.38 sec.
PEAK PHP MEMORY USED: 8MB
DONE PROCESSING => 20200529_delicesco 29 May 2020 10 h 13 min

